<?xml version="1.0" encoding="UTF-8"?>
<!-- Generated by org.testng.reporters.JUnitReportReporter -->
<testsuite hostname="CPC-debas-HPLU6" failures="0" tests="1" name="sweetshop.tests.YourBasketPageTest" time="1.127" errors="0" timestamp="2024-06-24T14:33:19 IST" skipped="0">
  <testcase classname="sweetshop.tests.YourBasketPageTest" name="emptyBasketAlertTextTest" time="1.127"/>
  <system-out/>
</testsuite> <!-- sweetshop.tests.YourBasketPageTest -->
