<?xml version="1.0" encoding="UTF-8"?>
<!-- Generated by org.testng.reporters.JUnitReportReporter -->
<testsuite hostname="CPC-debas-HPLU6" failures="0" tests="12" name="sweetshop.tests.HomePageTest" time="1.716" errors="0" timestamp="2024-06-24T14:00:25 IST" skipped="0">
  <testcase classname="sweetshop.tests.HomePageTest" name="logoAvailableTest" time="0.105"/>
  <system-out/>
  <testcase classname="sweetshop.tests.HomePageTest" name="getPageTitleTest" time="0.089"/>
  <system-out/>
  <testcase classname="sweetshop.tests.HomePageTest" name="isSalesImageAvailableTest" time="0.154"/>
  <system-out/>
  <testcase classname="sweetshop.tests.HomePageTest" name="getRetroSweetsHeaderTest" time="0.147"/>
  <system-out/>
  <testcase classname="sweetshop.tests.HomePageTest" name="getRetroSweetDataMapTest" time="0.122"/>
  <system-out/>
  <testcase classname="sweetshop.tests.HomePageTest" name="getPageHeaderP2Test" time="0.131"/>
  <system-out/>
  <testcase classname="sweetshop.tests.HomePageTest" name="getRetroSweetDataMapTest" time="0.278"/>
  <system-out/>
  <testcase classname="sweetshop.tests.HomePageTest" name="getPageHeaderTest" time="0.162"/>
  <system-out/>
  <testcase classname="sweetshop.tests.HomePageTest" name="isH2HeaderVisibleTest" time="0.170"/>
  <system-out/>
  <testcase classname="sweetshop.tests.HomePageTest" name="getBadgeCountTest" time="0.116"/>
  <system-out/>
  <testcase classname="sweetshop.tests.HomePageTest" name="isFooterTextAvailableTest" time="0.139"/>
  <system-out/>
  <testcase classname="sweetshop.tests.HomePageTest" name="getRetroSweetDataMapTest" time="0.103"/>
  <system-out/>
</testsuite> <!-- sweetshop.tests.HomePageTest -->
