<?xml version="1.0" encoding="UTF-8"?>
<!-- Generated by org.testng.reporters.JUnitReportReporter -->
<testsuite hostname="CPC-debas-HPLU6" failures="0" tests="2" name="sweetshop.tests.BrowseSweetsPageTest" time="0.241" errors="0" timestamp="2024-07-22T11:25:23 IST" skipped="0">
  <testcase classname="sweetshop.tests.BrowseSweetsPageTest" name="addItemToBasketTest" time="0.216"/>
  <system-out/>
  <testcase classname="sweetshop.tests.BrowseSweetsPageTest" name="getPageHeaderTest" time="0.025"/>
  <system-out/>
</testsuite> <!-- sweetshop.tests.BrowseSweetsPageTest -->
