<?xml version="1.0" encoding="UTF-8"?>
<!-- Generated by org.testng.reporters.JUnitReportReporter -->
<testsuite hostname="CPC-debas-HPLU6" failures="0" tests="1" name="sweetshop.tests.HomePageTest" time="0.040" errors="0" timestamp="2024-06-12T13:24:45 IST" skipped="0">
  <testcase classname="sweetshop.tests.HomePageTest" name="getBadgeCountTest" time="0.040"/>
</testsuite> <!-- sweetshop.tests.HomePageTest -->
