<?xml version="1.0" encoding="UTF-8"?>
<!-- Generated by org.testng.reporters.JUnitReportReporter -->
<testsuite hostname="CPC-debas-HPLU6" failures="0" tests="12" name="sweetshop.tests.HomePageTest" time="0.613" errors="0" timestamp="2024-07-22T11:25:23 IST" skipped="0">
  <testcase classname="sweetshop.tests.HomePageTest" name="getRetroSweetDataMapTest" time="0.152"/>
  <system-out/>
  <testcase classname="sweetshop.tests.HomePageTest" name="getRetroSweetsHeaderTest" time="0.028"/>
  <system-out/>
  <testcase classname="sweetshop.tests.HomePageTest" name="getRetroSweetDataMapTest" time="0.123"/>
  <system-out/>
  <testcase classname="sweetshop.tests.HomePageTest" name="getRetroSweetDataMapTest" time="0.117"/>
  <system-out/>
  <testcase classname="sweetshop.tests.HomePageTest" name="isH2HeaderVisibleTest" time="0.022"/>
  <system-out/>
  <testcase classname="sweetshop.tests.HomePageTest" name="isSalesImageAvailableTest" time="0.023"/>
  <system-out/>
  <testcase classname="sweetshop.tests.HomePageTest" name="logoAvailableTest" time="0.020"/>
  <system-out/>
  <testcase classname="sweetshop.tests.HomePageTest" name="isFooterTextAvailableTest" time="0.017"/>
  <system-out/>
  <testcase classname="sweetshop.tests.HomePageTest" name="getPageTitleTest" time="0.007"/>
  <system-out/>
  <testcase classname="sweetshop.tests.HomePageTest" name="getPageHeaderTest" time="0.024"/>
  <system-out/>
  <testcase classname="sweetshop.tests.HomePageTest" name="getBadgeCountTest" time="0.045"/>
  <system-out/>
  <testcase classname="sweetshop.tests.HomePageTest" name="getPageHeaderP2Test" time="0.035"/>
  <system-out/>
</testsuite> <!-- sweetshop.tests.HomePageTest -->
