<?xml version="1.0" encoding="UTF-8"?>
<!-- Generated by org.testng.reporters.JUnitReportReporter -->
<testsuite hostname="CPC-debas-HPLU6" failures="0" tests="11" name="sweetshop.tests.HomePageTest" time="0.771" errors="0" timestamp="2024-06-17T12:31:18 IST" skipped="0">
  <testcase classname="sweetshop.tests.HomePageTest" name="getRetroSweetDataMapTest" time="0.218"/>
  <testcase classname="sweetshop.tests.HomePageTest" name="getRetroSweetDataMapTest" time="0.178"/>
  <testcase classname="sweetshop.tests.HomePageTest" name="isSalesImageAvailableTest" time="0.054"/>
  <testcase classname="sweetshop.tests.HomePageTest" name="getBadgeCountTest" time="0.034"/>
  <testcase classname="sweetshop.tests.HomePageTest" name="isH2HeaderVisibleTest" time="0.028"/>
  <testcase classname="sweetshop.tests.HomePageTest" name="getPageHeaderP2Test" time="0.029"/>
  <testcase classname="sweetshop.tests.HomePageTest" name="getPageTitleTest" time="0.010"/>
  <testcase classname="sweetshop.tests.HomePageTest" name="getPageHeaderTest" time="0.033"/>
  <testcase classname="sweetshop.tests.HomePageTest" name="getRetroSweetDataMapTest" time="0.135"/>
  <testcase classname="sweetshop.tests.HomePageTest" name="getRetroSweetsHeaderTest" time="0.025"/>
  <testcase classname="sweetshop.tests.HomePageTest" name="logoAvailableTest" time="0.027"/>
</testsuite> <!-- sweetshop.tests.HomePageTest -->
