<?xml version="1.0" encoding="UTF-8"?>
<!-- Generated by org.testng.reporters.JUnitReportReporter -->
<testsuite hostname="CPC-debas-HPLU6" failures="0" tests="1" name="sweetshop.tests.HomePageTest" time="0.181" errors="0" timestamp="2024-06-10T17:20:20 IST" skipped="0">
  <testcase classname="sweetshop.tests.HomePageTest" name="getRetroSweetDataMapTest" time="0.181"/>
</testsuite> <!-- sweetshop.tests.HomePageTest -->
