<?xml version="1.0" encoding="UTF-8"?>
<!-- Generated by org.testng.reporters.JUnitReportReporter -->
<testsuite hostname="CPC-debas-HPLU6" failures="0" tests="4" name="sweetshop.tests.BrowseSweetsPageTest" time="0.315" errors="0" timestamp="2024-06-14T17:23:31 IST" skipped="0">
  <testcase classname="sweetshop.tests.BrowseSweetsPageTest" name="addItemToBasketTest" time="0.095"/>
  <testcase classname="sweetshop.tests.BrowseSweetsPageTest" name="addItemToBasketTest" time="0.077"/>
  <testcase classname="sweetshop.tests.BrowseSweetsPageTest" name="addItemToBasketTest" time="0.072"/>
  <testcase classname="sweetshop.tests.BrowseSweetsPageTest" name="addItemToBasketTest" time="0.071"/>
</testsuite> <!-- sweetshop.tests.BrowseSweetsPageTest -->
