<?xml version="1.0" encoding="UTF-8"?>
<!-- Generated by org.testng.reporters.JUnitReportReporter -->
<testsuite hostname="CPC-debas-HPLU6" failures="0" tests="5" name="sweetshop.tests.BrowseSweetsPageTest" time="0.270" errors="0" timestamp="2024-06-24T14:00:25 IST" skipped="0">
  <testcase classname="sweetshop.tests.BrowseSweetsPageTest" name="getPageHeaderTest" time="0.030"/>
  <system-out/>
  <testcase classname="sweetshop.tests.BrowseSweetsPageTest" name="addItemToBasketTest" time="0.057"/>
  <system-out/>
  <testcase classname="sweetshop.tests.BrowseSweetsPageTest" name="addItemToBasketTest" time="0.052"/>
  <system-out/>
  <testcase classname="sweetshop.tests.BrowseSweetsPageTest" name="addItemToBasketTest" time="0.075"/>
  <system-out/>
  <testcase classname="sweetshop.tests.BrowseSweetsPageTest" name="addItemToBasketTest" time="0.056"/>
  <system-out/>
</testsuite> <!-- sweetshop.tests.BrowseSweetsPageTest -->
