<?xml version="1.0" encoding="UTF-8"?>
<!-- Generated by org.testng.reporters.JUnitReportReporter -->
<testsuite hostname="CPC-debas-HPLU6" failures="0" tests="5" name="sweetshop.tests.BrowseSweetsPageTest" time="0.520" errors="0" timestamp="2024-06-17T12:31:18 IST" skipped="0">
  <testcase classname="sweetshop.tests.BrowseSweetsPageTest" name="addItemToBasketTest" time="0.185"/>
  <testcase classname="sweetshop.tests.BrowseSweetsPageTest" name="addItemToBasketTest" time="0.124"/>
  <testcase classname="sweetshop.tests.BrowseSweetsPageTest" name="getPageHeaderTest" time="0.027"/>
  <testcase classname="sweetshop.tests.BrowseSweetsPageTest" name="addItemToBasketTest" time="0.111"/>
  <testcase classname="sweetshop.tests.BrowseSweetsPageTest" name="addItemToBasketTest" time="0.073"/>
</testsuite> <!-- sweetshop.tests.BrowseSweetsPageTest -->
